## IMAGE FORMAT ##
## REFER TO IMAGE FROM EACH FOLDER OF EPOCH NUMBER ##
Epoch: <number> |  0.00010000
<valid_loss>    <valid_loss_joint>  <valid_loss_bone>
<test_loss>     <test_loss_joint>   <test_loss_bone>

##### EXAMPLE BELOW ###
#### LEAVE cs_ci FOR NOW ###

### cs_si ###
##image to text##
Epoch: 1  0.00010000 3.0948950797319412 1.5679505795240403 1.526944500207901 0.7599847190082073 0.3900546424090862 0.369930075481534 
Epoch: 2  0.00010000 1.7512513518333435 0.8961473949253559 0.8551039502024651 9.4317399010773897 0.22174567952752114 0.20998522229492664 
Epoch: 3  0.00010000 9.8877514138817787 0.44274588450789454 0.4450055368244648 9.22138642575591802 0.11243917141109705 0.10894725499674678 
Epoch: 4  0.00010000 9.54153869363069535 0.257923386991024 0.28846354931592944 9.12457790970802307 0.05251207514666021 0.97206583516672253 
Epoch: 5  0.00010000 9.3928795363754034 0.1878815846517682 0.2049979517236352 9.09594662105664511 0.046746320091187954 0.049200300592929125 
Epoch: 6  0.00010000 0.25060505177825687 0.10802953680977226 0.14257551450282335 0.0586436964571476 0.02514080875553191 0.03350288753863424 
Epoch: 7  0.00010000 0.21791950576007366 0.09180111763998866 0.1261183874681592 9.05581534425728023 0.023603387735784055 0.03221195649821311 
Epoch: 8  0.00010000 0.16426971852779387 0.06716124597005546 0.99710847297683359 9.03621691388543695 0.013439332076814026 0.02277758202981204 
Epoch: 9  0.00010000 0.13137316638603808 0.040604482295922936 0.08276868406683206 9.028863352839834988 0.010186371934833006 0.018676980934105813 
Epoch: 10  0.00010000 0.12978717675432563 0.049122038576751945 0.0806651380378753 0.030309262592345475 0.011009589457698166 0.018499673088081182 
Epoch: 11  0.00010000 0.11935938382521272 0.04205389800481498 0.07730548535473644 0.02751078598666936 0.008971133723389358 0.018539652228355408 
Epoch: 12  0.00010000 0.11016054442152381 0.038836267730221155 0.07132427599281073 0.02464829245582223 0.008597705734428019 0.01605058672139421 
Epoch: 13  0.00010000 0.11093344958499074 0.039297504373826085 0.07163594523444772 0.024976664618588985 0.008529235032619908 0.01644742953358218 
Epoch: 14  0.00010000 0.10564463906921447 0.036386876192409545 0.06925776251591742 0.022954759025014936 0.007479212371981703 0.01547554663848132 
Epoch: 15  0.00010000 0.1051202064845711 0.03547358278883621 0.06964662394020707 0.02287241364829242 0.007057360612088814 0.01581505307694897 
Epoch: 16  0.00010000 0.10080480445176362 0.03452509066555649 0.06627971404232084 0.022683092625811696 0.0074062978790607305 0.01527679479913786 
Epoch: 17  0.00010000 0.10194931896403432 0.034520311618689445 0.06742900731042027 0.022060040594078602 0.007059236476197839 0.015000803989823907 
Epoch: 18  0.00010000 0.10008615399710834 0.03389394121477381 0.06619221228174865 0.021795431361533703 0.005919097306672483 0.01487633412471041 
Epoch: 19  0.00010000 0.10017265770584345 0.03412526042666286 0.06604739711519914 0.0219000153583278858 0.005960711450665258 0.014939352183137088 
Epoch: 20  0.00010000 0.10002832799218594 0.03442524463171139 0.06560308388434351 0.021457849827129394 0.005890400894917548 0.014567448885645717 
Epoch: 21  0.00010000 0.09922331082634628 0.03355279444949701 0.06567051652818919 0.02127169946907088 0.0067277056165039540.014543993747793138 
Epoch: 22  0.00010000 0.098557287780568 0.0392735829111189 0.06462992979213596 0.021510035987012087 03006848974010790698 0.014661061990773305 
Epoch: 23  0.00010000 0.09764523734338582 0.03343479121103883 0.06421044603921473 0.021310171228833497 0.00681339673465178 0.01449677455238998 
Epoch: 24 I LP, 0.00010000 8.097427197196064 0.03318712270120159 0.06424001413397491 0.021468345352534305 0.006862340189400129 0.014598005183506757 
Epoch: 25 1  0.00010000 0.09664251198992133 0.0328214313108474 0.06366036860272288 0.021430458733811976 0.006837642515893094 0.014592816174263135 

### cs_si_ci ###
##image to text##
Epoch: 1 1  0.00010000 3.2026644229888914 1.6587166056036948 1.5439478188753128 0.8255231618881226 0.4370124705135822 0.3885106921195984 
Epoch: 2  0.00010000 1.5619199559092523 0.8003821298480034 0.7615378359019455 0.41814821399748325 0.22360803615301847 0.19454017896205186 
Epoch: 3  0.00010000 0.89329341579090977 0.4422505144029856 0.4510429557412863 0.250779915160835025 0.13520838245749472 0.11557157896459103 
Epoch: 4  0.00010000 0.552145992219448 0.27280884720385074 0.2793371468782425 0.15318832639694807 0.0802173150703311 0.07297101151198149 
Epoch: 5  0.00019000 0.3055299188941717 0.13753719124943917 0.16799272783100605 0.077182683814311599 0.037153723876327276 0.03954544523730874
Epoch: 6  0.00010000 0.2327118219807744 0.10230835108086467 0.13040347201749683 0.05725762844085693 0.029892013198696075 0.027365615125745535 
Epoch: 7  0.00010000 0.24497466683387756 0.10744947781786322 0.13752518817782403 0.057717396738007666 0.02807825410272926 0.02963914256542921 
Epoch: a  0.00010000 0.17562823286280035 0.07249854691326618 0.10312968492507935 0.04241608353331685 0.020827982830815016 0.021588100725784896 
Epoch: 9  0.00019000 0.13613423528149723 0.05029714333359152 0.08583709169179202 0.03278765082359314 0.013422316475771367 0.01936533417319879 
Epoch: 10  0.00010000 0.1316843343898654 0.04556747436895 0.0212758684530855 0.03078020759858191 0.019208217793109098265 08018698030163068324 
Epoch: 11  0.00010000 0.1209661073051393 0.04459805800579488 0.07636804953217506 0.027886689058505 0.010579151782440021 0.01730753742158413 
Epoch: 12  0.00010000 0.11787538845092058 0.04128154960926622 0.97659383830614389 0.027067269454710184 0.00927216453710571 0.017795104859396817  
Epoch: 13  0.00010000 0.11150130654435217 0.03891301320400089 0.07266838368959724 0.024535182770341633 0.008661332569317892 0.015873850253410638 
Epoch: 14 j  0.00010000 0.10927717247977853 0.03830334427766502 0.07097382894717157 0.02429433474317193 0.008310837077442557 0.015983497560955583 
Epoch: 15  0.00010000 0.10670113796368241 0.0359537826385349 0.0707473554548459 0.023623526527080684 0.0078376098012086 0.015785916754975916 
Epoch: 16  0.0010000 0.1048673995770514 0.03591340638231485 0.06895399284549057 0.02267640980426222 0.007412269353517331 0.015264140639919788 
EpoCh: 17  0.00010000 0.1018381026108179 0.03470081734703854 0.06713728560134768 0.022054624883459017 0.007067514979280531 0.014987109962385147 
Epoch: 18  0.00010000 0.10075919037602842 0.034337188443169 0.0664170017465949 8.022062695119529953 0.007049784916797653 9.015017910115920818 
Epoch: 19  0.00010000 0.09968994197101891 0.03371998364351839 0.06596185895614326 0.02163947391990281 0.006933911562931724 0.014701962440872192 
Epoch: 20 0.00010000 0.101428146427997, 0.034312996442895385 0.05711514918133617 0.021822042786515248 0.006943694391520694 0.014878348226193338
Epoch: 21  0.00010000 0.10010150019079447 0.03432218155357987 0.06577931875362993 0.021509506460279226 0.006899544151383452 0.014609962340909988 
Epoch: 22  0.00010000 0.09946812526322901 0.03380105752730742 0.06566706849262119 0.02191899575991556 0.006924030088703148 0.014994965691585094 
Epoch: 23  0.00010000 0.09781123916618525 0.03335371132707223 0.0644575278274715 0.021035474655218423 0.006730752857401967 0.014304721762891858 
Epoch: 24  0.00010000 0.09708321229554713 0.03302645171061158 0.06405676109716296 0.02148307943716645 0.006919081145315431 0.014563998224912212 
Epoch: 25  0.00010000 0.09739617491140962 0.03349474002607167 0.06390143455937505 0.021560407732613383 0.006911020542611368 0.01464938725112006 



### cs_si_ci_kde ###
##image to text##
Epoch: 1 |  0.00010000 2.8383003175258636 1.5746075376868247 1.2636927753686904, 0.7701363898813725 0.45183469653129577 0.318301697447896
Epoch: 2 |  0.00010000 1.526810984313488 0.7987779885530472 0.7280329912900925 0.42527632787823677 0.23536817003041505 0.1899081565439701
Epoch: 3 |  0.00010000 0.9763900354504585 0.5112296964973211 0.46516033709049226 0.24928891360759736 0.1389786582440138 0.1103102557361126
Epoch: 4 |  0.00010000 0.5422182433307171 0.28037830628454685 0.2618399431928992, 0.14204370155930518 0.08223049528896809 0.059813206735998395
Epoch: 5 |  0.00010000 0.3791981842368841 0.19524281080812217 0.18395537585020066 0.10155207635834813 0.05594688123092055 0.04560519438236952
Epoch: 6 |  0.00010000 0.29508172906935215 0.14072456080466508 0.15435716789215803 0.07195146214216948 0.03670841320417821 0.035243049007840456
Epoch: 7 |  0.00010000 0.22248572744429113 0.10474473293870687 0.11774099422618747 0.058922429522499445 0.030108706397004425 0.028813723172061146
Epoch: 8 |  0.00010000 0.1918770670890808 0.08385912692174316 0.10801793932914734 0.04257188416086137 0.019675661530345678 0.022896222537383437
Epoch: 9 |  0.00010000 0.1502257808111608 0.06115760612301528 0.0890681748278439 0.03431148575618863 0.013430421135853975 0.02088106464361772
Epoch: 10 |  0.00010000 0.13711365666240455 0.05343590681441128 0.08367774952203036 0.02990706991404295 0.01061947651905939 0.019287593441549688
Epoch: 11 |  0.00010000 0.1312858358025551 0.04972862813156098 0.08155720639042556 0.030368849681690336 0.011480626370757818 0.01888822331093252
Epoch: 12 |  0.00010000 0.11667802603915334 0.04246291297022253 0.07421511360444129 0.026382339582778514 0.009248242108151316 0.01713409738149494
Epoch: 13 |  0.00010000 0.10953610390424728 0.0387107856106013 0.07082531875930727 0.02442708124872297 0.008269510621903464 0.01615757056279108
Epoch: 14 |  0.00010000 0.10601243781857192 0.03661265877308324 0.06939977905713021 0.023708287463523447 0.007639263270539232 0.01606902414932847
Epoch: 15 |  0.00010000 0.10246224533766508 0.03508702996186912 0.06737521537579597 0.0226679865620099 0.007314249718911014 0.015353737084660679,
Epoch: 16 |  0.00010000 0.10236472971737384 0.0351423105574213 0.06722241877578199, 0.023452731699217112 0.00751368559722323 0.015939046163111925
Epoch: 17 |  0.00010000 0.09990756236948073 0.03364467996871099 0.06626288266852498 0.022029119811486454 0.006849655712721869 0.015179464005632326,
Epoch: 18 |  0.00010000 0.10185758508741856 0.034538809885270895 0.06731877480633557 0.023224472091533242 0.0071476910001365464 0.01607678106520325
Epoch: 19 |  0.00010000 0.097506142873317 0.032871616841293874 0.06463452619500458 0.021547668403945862 0.0067702209344133735 0.01477744741132483
Epoch: 20 |  0.00010000 0.09812045097351074 0.03310985820135102 0.06501059227157384 0.022295300324913114 0.006940310337813571 0.015354989981278776
Epoch: 21 |  0.00010000 0.09964557327330112 0.033902316447347404 0.0657432570355013 0.021766319393645973 0.006837593734962866 0.014928725559730082,
Epoch: 22 |  0.00010000 0.09636875055730343 0.03261318070581183 0.06375557002611458 0.021727280656341462 0.006782834473415278 0.014944446139270439
Epoch: 23 -- not available in screenshots
Epoch: 24 |  0.00010000 0.09589239833876491 0.032082464452832936 0.063809934258461 0.022028528596274556 0.007076862477697432 0.014951666025444866
Epoch: 25 |  0.00010000 0.09579726224765181 0.0325851829489693 0.0632120797643438 0.02137931794859469 0.006722025244380347 0.014657292794436217

### cs_ci ###
##image to text##
Epoch: 1 | LR: 0.00010000 2.87014134824276 1.4254455745220185 1.444695770740509, 0.7275034472346306 0.3540620867162943 0.3734413631260395
Epoch: 2 | LR: 0.00010000 1.6069837152957915 0.7823044717311859 0.8246792413294315 0.4117154452949762 0.20072007551789284 0.21099536903202534
Epoch: 3 | LR: 0.00010000 0.8958537071943283 0.42722228206694124 0.4686314225196838 0.22960416469722986 0.1062328533269465 0.1233713112771511
Epoch: 4 | LR: 0.00010000 0.4990166429430246 0.22791027575731276 0.27110636737197635 0.12016368936747313 0.058205049205571416 0.061958640022203325
Epoch: 5 | LR: 0.00010000 0.3646190471947193 0.16875587832182645 0.19586316924542188 0.09207581393420697 0.04236311363056302 0.04971270044334233
Epoch: 6 | LR: 0.00010000 0.20344260092824698 0.08545904885977507 0.11798355132341384 0.04957643123343587 0.02059342567808926 0.028983005485497416
Epoch: 7 | LR: 0.00010000 0.19543428290635348 0.0841716093942523 0.11126267295330763 0.045089499978348616 0.020795880956575273 0.024293618998490273
Epoch: 8 | LR: 0.00010000 0.14858839670196175 0.058883732091635464 0.08970466465689242 0.03298035387415439 0.012854055210482329 0.020126298535615206
Epoch: 9 LR: 0.00010000 0.1528383009135723 0.05967047018930316 0.0931678308174014 0.03524035424925387 0.013290773483458907 0.02194958078907803
Epoch: 10 | LR: 0.00010000 0.12355967005714774 0.045006019854918124 0.07855365080758929 0.027291844645515085 0.009369966032681986 0.01792187845567241
Epoch: 11 | LR: 0.00010000 0.11315213898196816 0.04026763564907014 0.07288450328633189 0.026335451495833696 0.008735881512984633 0.017599570099264383
Epoch: 12 | LR: 0.00010000 0.1109047514386475 0.038132937531918286 0.07277181432582439 0.025323589937761425 0.008223688218276948 0.01709990171948448
Epoch: 13 | LR: 0.00010000 0.1070007768459618 0.03673457026015967 0.07026620642282069 0.023149843141436578 0.00756683126965072 0.015583011927083135
Epoch: 14 | LR: 0.00010000 0.10261126323603094 0.035235728276893495 0.06737553491257131 0.02285702747758478 0.007388560916297138 0.015468466468155384
Epoch: 15 | LR: 0.00010000 0.1026022438891232 0.03530328404158354 0.06729895938187838 0.022850021719932556 0.007347021365421824 0.015503000339958817
Epoch: 16 | LR: 0.00010000 0.10000600153580308 0.03380125863477588 0.06620474252849817 0.02196945946197957 0.007027678439044394 0.014941780950175598
Epoch: 17 | LR: 0.00010000 0.09994027013890446 0.03406341258669272 0.06587685733102262 0.0222154293092899 0.007159602339379489 0.015055826853495092
Epoch: 18 | LR: 0.00010000 0.09959709127433598 0.03409245788352564 0.06550463321618735 0.02210951002780348 0.007028560331673361 0.015080949856201186
Epoch: 19 | LR: 0.00010000 0.10197552330791951 0.0347706152126193 0.0672049074433744, 0.022191985440440477 0.007076841458911076 0.015115143824368715
Epoch: 20 | LR: 0.00010000 0.09828718844801188 0.03353353862185031 0.06475364989601076 0.022060448629781605 0.007027532826759853 0.015032915805932134,
Epoch: 21 | LR: 0.00010000 0.09777735131792724 0.03339929465437308 0.06437805611640215 0.02178506845375523 0.006900898844469339 0.014884169603465124
Epoch: 22 | LR: 0.00010000 0.09834955423139036 0.034066018287558106 0.06428353602532297 0.021868584654293956 0.007007068529492244 0.014861516177188606
Epoch: 23 LR: 0.00010000 0.09816207992844284 0.03347257950808853 0.06468949997797609 0.021854893828276545 0.006848059361800551 0.01500683455960825
Epoch: 24 | LR: 0.00010000 0.0977476891130209 0.03360216630389914 0.06414552261121571 0.021698462427593768 0.006851748708868399 0.01484671370126307
Epoch: 25 | LR: 0.00010000 0.10111826676875353 0.035048876376822594 0.06606939083430916 0.021819886972662062 0.0068743686424568295 0.014945518388412894

//verify -- overall validation and overall_test (Ritika)
//verigy -- validation_bone and test_bone (Siddhath)